7UNVSS9ZidM
lBKtOdmFtnI
VRoVjpa3Scg
1wlq-A6rDqQ
9fzOqxzLfd8
LrRh2IJUoZg
ZZJ0IEI8N80
T1z5q3iTtwo
qrMkehSkblk
EFNxuXvqQYA
bBSs8gk_srE
jXZr8aoD3vA
5REgF4xuAmY
wgJo8VhVq_o
wGzsTmM6Les
MhEi91b6ako
WV4m9MRFP5o
Gleb5jsH3_A
RbgxpagCY_c
fUSnjhWRZ8U
AZb-6EYDIVs
UTgWLbuCWDo
7nyEhYNnBXg
vUtEW6OTQLw
7jiN9hsm-kQ
k8gpZL3RZ3A
HcIJK8y6jRY
DO6_Rp_ZDCw
J6yMf10p2U8
ttUD_ffjJhk
jrvzuQmr5to
RSn20tJsvZQ
tqKpROvrBv4
pHb0IPApb5s
gz0rSiJZ2wQ
dQZn3cqvJes
rLDPDjx0Ll8
su06lbP1A2U
mOAFJQbBBaA
SnRBZqRQfW8
66aDKj34l04
nd9n8WBWaC4
LKWosiUUORs
A9n67yCpkx4
QGprj-a71qs
wbxEZtjx1lg
dS7Ffvs2Evg
wgux5WTgDV8
4OI0NyIoGyw
KsxY0QCC5vk
IuN5joAWuqk
yRbCNU7CsCM
Oue_XEKHq3g
Eojj8gAvebU
i3tnNk_jnAw
Vh7S4HvULN0
fLY8BgzLvFo
oL9MH1Q5Cgg
MgLX0EXju30
Di3FaSDxSRA
qqj5g-kjyl0
DJr4GJV6L1Y
dySedWOZ9CE
DowG7clEJuA
vyQzp8V9Q50
PJFOnPTH_Qk
rzJDcwiwDUA
z15HgMkRuVU
HqOhvoxC7Po
c_XLrDQeSKI
yclnEUMUcB4
Gotc4Ios1l0
PBxUJk7evkc
Jsj9obKqpAo
QcnSIlhyRww
dlS3vQEBkYU
52NNTlLpNMM
J5u-r9KzQZ0
2Nze37OTkN8
JjOCViuhKwo
qD-shAzTFsU
MgbRXF5DCFw
-oytwMeyR74
S-B2wwTKE8I
jmomkRqT7oQ
J3n8j07skhM
gkcVbhfvnGI
tm_cPcKcByE
-076WPWoCRE
hiFt8CnzWmc
kXqj4APQnqo
B7el-TvTuBI
jMz0QkOKaGw
GxWXGAwSRLA
fFsL5Q3hbwU
mn3ZaG_i6y8
W0tEjOPwFjM
TuU7yOyECMY
GCydJe2p0zs
sKqwSHAZgGY
eu0hu1VTZBc
bvc6v-zj1-o
l0qDAG7jGfg
YB43_nwD9bE
-tOdJzOzkHA
S-wfIX4PVHM
T76pw0b33pw
I0adP8isw8k
ZUim66V_nko
Lk7JHCLlQdQ
JXbGskXdAVc
CuGCyjT12HM
4H0sn7S7y4A
VY0W4RTvoBY
n524y8uPUaU
WMZAENL9oFw
FuU0gphmHYQ
IwOIvqmxe7M
Jx8aWIt5oGM
9yzuI5W2EzA
z3XCx5uyVOI
CREpRoomofw
MiaETmJ7atc
xspTbjeOJuU
cWjGQtbyYFE
PCZ0CV0rUGA
maEpS6M4GWo
lYucM0BW-lo
1k8kQlJ8XH0
q3rNT2B2fQg
1C-iG9NXen0
yCgqt_wo0B4
Er6BDsQ9VCg
2VP929E1o2E
SwdEAhjvXcA
00Eu5i2mTbw
zwxXC7gLTEY
HNQMF7e6IL0
sGpdM03_NPk
3xImP9r-G7Q
a_C-Wa4gNHA
s2Nevqi09W0
9FK9qU7ccCY
PVWgZKtOMjY
omAGGMW7JFE
mekadE8PLgk
cktjeMD2tiE
UJM3krUkz1o
JpbIfHvgF_o
5X0q6wmUwyw
8CJcfZtbZ2U
T1fiWBf6HCw
kFYHteKyvkU
Y552m_F8Xbg
O1tbUAHVvTU
v4lbwuoHnjM
S4v9RZyyC3g
RYiTVMb_UHg
wgMmUpldVbE
jrvEjtkpIPM
gq9VRNUqI4k
CIoepCR9NSU
mNrrRIFRlJA
Z1SDVMmWeqA
aofRlMo7v70
PEut3w_CMfg
UPlkR2E_EZk
WPUaB4G77S8
duJxAVJzQ4g
BgU98DTN6QY
eBlLt8MOHXM
FqaKhYKEI-A
I4Imhb_UqgI
0d8eQVPYjNM
769sl6upNEY
LDBWBUVZsCI
V3zp7XOGBhs
gSueCRQO_5g
2EaicpJ0vYk
arEX6Uo-0cc
CYiKu-303ho
1hNl3SYJDAc
lVRTR0nfKvw
99qPM4i1GnE
_bQA6ODNAS0
tw37UW5VGfg
qJO0RSk4htI
wH6f1T9kcYo
_65lEmHZ3hQ
SIjrs7oxJr0
TWsixmdzsnI
NdE7uYVaynQ
WbU3_lRa4s8
eqmjLZGZ36k
jjFB8jUvEno
7muYPid24Ps
vND8HNXyvIo
687gkvLi5kI
tVSATje07as
NNhN2Y6ZVkQ
d--5uWUXhPM
wmViONWyGSA
gsWoN6uGM9c
0DhWUtlWcA0
aKRMhMOHs8I
GnEWtqSidOc
t3OgV0njs9Y
f6njWBlFK3I
fRMTS_8pJv4
sTW91HRsybM
DvKgcBbvGa0
ifurLY3mRF4
yEmnMCi8y5w
FFmvv8HUYPw
4gCK4G5zcLw
BIrH5_kvgLc
fGaRV_0xl-c
3ghcG_16S7c
vq8tdZUrZ30
rWDik0AmfIo
h5eb7vQhRhI
p2HQGFwtLeI
5jNAMtcSLhQ
9O4psN_VXNU
PgR_YjhMNno
OQ6vT4VNLUM
j7D4hMz_KSI
r6pD8uxgejo
0zcuZ-Rmgi4
Tg_p387BYuI
FXZP8850kh4
YpoXMebAYgE
f5YQ1lA3kQI
HlFrYtllnkU
2hnHhMPJoiw
Vyn4x0Gbn_0
b1KhtJdiPkk
9OJDmis_dM8
q65zGO7s3rM
tN-CkuM6jYs
uRtzWu5pfpQ
e0gbKSHtH24
aieThfuvmtY
v7i0ygM7w30
NUIpYejiDt8
CFft3TUgqEI
pXdcvLy1vVY
jL39PuZmfPk
HUZTBwuu7eY
nOoWRhp9ZiA
3ja2teDnx_I
QpDblC4VoDA
riccApGhD_Q
gwFhKBOJCEw
WQvHH-u9W5w
I13wYBLY0Ko
Nv_K2XR2ZBs
2d7-VONA2C8
xjgPW877Ho8
C7_O5BZz0Eo
pSZ1V4NkJJc
5h95uTtPeck
ueQGC4JmvxQ
X5MFkY0Nz3Q
IywSTYwIUHE
9UOpRjrFPIg
wv7OxouKZsc
KTH6N2n0exc
AOOeEwKy5KE
q1zQOA-SslE
N6UH-jzU5Hw
PB0H3rSBMD8
fP6KTL28GD0
QP7aBPbCO5g
tmZeR3hiGQM
qZkGmCidn50
-3GumCmyAIk
v7NQ-MI0G7Q
qliVdl8NQVQ
z_RHMC7qAJM
p0dKfplTYZg
9Ab9TWtqCv4
jfy1J6exPXs
6BJorrGulVs
CRIg8Dqu804
eXkcfLt2LXc
2d-3lo5BVVY
csW7DQdft-E
cIxqEIJuFok
S2LPdiqOVEk
Ngj6C_RMK1g
SlswEPy8cjk
7CayA9TOa7M
Bd3abG_YQJY
tnLSwSjQY_E
eGGFGota5_A
PCcgw10fEh8
QzdtNdF9yVc
dw8FWzSxl7o
ZVlVcEIo3Ws
aca25zxviIs
MlDnShLtcks
4LkMYkTJ8jw
gc-CRmiDRHU
rstIX0rRXpo
KVAFzxDuEPE
m3Z74OVczNU
DvbR51WJFHA
rOWx_uYCDZE
ObgKGPWQQNY
03UPyfDYf4g
vf2Nd2kYEc0
M9eBQZhHD8k
na769RtwO4s
uR3wtc8oknM
1cr_tcBus14
voMBpyHf9QE
oDxPIPa0wV8
1CH-d4ER61U
2wthcGQyEf4
hR1mNJ11ycU
oZhDU-SjXzg
JDAnDzXAVDs
WgHYCnMtl44
6NXhraaPkg0
WuSNT1be-n0
MZ7dKdTHbqY
bQum-XeMp4A
ml7_yeHfbP4
WQowtvJjCeE
fM1uAG3MdnU
CGB2ZoVDiQk
d7xwsSxV8Os
iWOdtR4clKE
t0QriZ5kJH0
tBNjQPmE1TQ
kZB3KMhqqyI
pA6YEgT1dLY
BWkDK1hhoz0
Fn__BrVR86E
xw-wlpy8IF8
lExGTaNEzoM
6VPtrPlRWE4
gy4TI-6j5po
ZJXd67Np16M
P1hnjRkXrLc
SlFajAz3Cx4
E1fkU0g4wk0
-fZl02cVTBg
xyccHcWoS74
rZAQ29_JfaQ
b93KCVhNzkI
Dq8BO3ugeGE
89eg3nExUI4
f4WN5Q9x5JU
U6zmphY-iHw
H9dyr9OXNaM
nxzrPf0IsUU
KbUrk86xsxw
5OLOsYRhNEM
bO43msZTfwA
iIjjoz1ejaw
SeLJChGJ7iM
gzUVlpffsbE
gw5iqwdgWdM
dQaNzwqCUAA
NPIXL3aas-8
gTB1nfK-0Ac
7H4TcuThyX8
OwjOpt2FCFw
sgqUP6Lp2Jc
DOxDUF41lrY
0TkrHIY0Qpk
jMMcnEHtpDs
l2bSP81yuEU
Am2ihQfZLm8
_hv80O8orKE
rNyriLZzAqY
ofrIqZrMBCg
d39VDe5SiYU
6QUCaLvQ_3I
ZW0jObNmBWo
x95SOBfrIzg
lx5W2LJ5zS0
x_Kj2uV8YmI
2A1vnPbgFPo
yb6RsyU42pc
Y-2vFjG-JyI
2YTzoWLAzA4
rIR9Ereztp8
2VlBZuzLrnU
5G7dCiq1owE
yrhUflv7MSc
AOoAXwJ-DG0
JqGA3ldiXNo
9L5G0a0GfDw
U6HbUoVdsNQ
PPxqM7oR1Kk
JJ-r49OXaPU
IFvXPXgSKjE
_ONsnpRx4hE
KowG8Iur63M
us4krTa13QY
8feS1rNYEbg
4pdZ5OpMAjQ
7nafZL0NXlA
axt4QlZiiP8
punYlPHdGiw
H0Bk-XECT4o
siGqdp4Wpak
idZ4FhejY4E
5OcAVscXQJE
ONwWgyOc7Ok
WhB7Id09JuQ
EZWtzaTHtXk
KGpAJAwRqgA
WzPJ1MNJBDM
HBEKcPJPTIM
VSPy1d2AIPs
GcZn8iDNyn4
MzcdEI-tSUc
KkPkXrbjf4g
30vx8_N9Pmc
KOxPkbOUzV0
719-xjyMtPk
giTHpww2FHo
81YGLW_Z8Ms
XY_LTZ5MxwM
nYqE3jFp-YM
SF4AJHX4BFo
sDtG_YA7OIs
0febG_1e-fY
e4q1j1a44Zs
fwe03itaoeM
X3VMZgOA9RQ
P1d1jf7dQ9o
yUTObNo1c_o
HyrylinoxqI
12LtBnEBhNA
P9iH8NvaUXw
IQ7y1GrbrXc
NJzzEEG6FZc
VBgNSpGUJDM
RQp1HbiEiSI
QTFZSp-_o1w
-SbZ4_ir148
jeE8Vr9dEVg
UdFAoK7E0io
TsXogrnKQIU
NjKxKIaS23Q
4LlfpNyZ0z4
MlZxhAy17_c
LOnuIU35C-w
NL9NRyKo5KA
GYDzBrihZ4g
IQAgJ_farVk
J0dADXOu560
6uYRW0FgZpo
JBrp8aG4lro
PugDAc7Uc0U
SdGCX2H-_Uk
i1OVkXE-scU
SPyK1Gt_Swg
x1lHPvz4s6Y
604yJY6pHgs
X2-c8c553_Y
ldxaKDWb_Kw
K5wRFDk2H7o
KZEZPlrFMSg
19s6r7e1FuE
MMJEW0bWdVE
PuekW6d_0yE
ZYlHNBlE6QI
g1ruGyRj2BU
TCUsegqBZ_M
W5CdMA0vUps
Nu3Aub9ifes
hbJ8jURg1ws
dQYRpIGXvYk
gnXzPlRdQBg
HUIwQlw5_XA
ATV2p-qxV7o
Cc2ZRk2aLFw
gkh4yW3WVn0
1GR15BdheLM
tGUkOReZW9s
t7v_EpuwK7c
LBUr14xs9k4
Vwf07uS-Gfc
yePCPlu8w6E
lSjtXJf6Blg
S_PtnU8gEDs
ZOqHvzhhb_8
jLcOO3V1afI
XzoOMQCQanU
4QDHvxUkzxE
30M7rreJ2zM
MNMDORuh5A4
iuDjDtPjpVc
qoyZ_AEnmVs
B83aBccMDEQ
Oh0yA3yHrDQ
hLY_QGrxekI
vHnQrPRWaPw
vCb0SmnIl-I
JVKiuDDzKLw
_CmRj4bNFgk
OfMFVMG3LXA
4BZX_h5Dohk
j9WvTZ9ysUc
6nHewn2LrV0
UgsOaTBIjMo
6t50Md7CICM
eihJpcAQVAE
xCLfMWy70ME
HxHIYhThBFQ
vIcJjsK-gco
-PDrGXHLpKM
5g6NIa-ZTxg
QjRxtDXGyV8
M0b_7poS6Jo
U2LL2RXleiM
E8WpGZxPlFE
nR3j_Mx-0n4
ERrPTlyetO4
oU59dAultNg
_FQFVGi5OPc
1po3ma5YHFs
e13IklbYpp0
S4hzEknI1WA
bNwlRzDBYiw
gkvcRyAmW1M
jb5YxiXIsjU
w4zg6R0vlYY
fFrtCjkSvHI
OZOaN_5ymrc
qRj6ap0ZjGA
0rEhVAOO7EQ
0wKRdpFd8Wo
wBck0kmwO6o
eDW3hUdHG00
jLrVY7LV3Lc
QGWcgAN4nJo
4rcoX9lon34
Q3dST2li9Wg
_8_Hs2lWo5o
DwF_sNb2tsE
Up3N5pL04ho
XKuiBH9PQfY
-sbx3uVDRTY
700Gkaf1ZXA
sdpp7DWKenQ
H1QOF1WieSk
SrcDwd65pXc
nDu57CGqbLM
SHHkElE3TTY
tbAM0g42hSQ
f04oxPdEjOw
cZrtEdOIONA
CzU3_kSlKAs
IDRG2CJIAbM
anedUN60dVQ
OMLgliKYqaI
1D7rcZ0vwVc
ydzUwFQr53o
XpQew1uhpbE
ya1HvPbneJ8
XQ5trbTO93Q
yJEnS5eHckw
huHKiryg5UU
yDrmzsBFJCo
R_WkH_uOq1Y
5haruMX5-PQ
_kg76aCZxoU
0Zgz2TVXJos
4fxKBGthpaw
9X2wM6HD_og
7aY4qUF0DIo
P4KyjvsceZQ
0HUUucT-47Y
pjy-lzuZy5I
MjehJ4T_LKI
Hl6R75H0LRE
359qEKqEMxw
mBPqc35yH7I
A551Ax3BGcw
97pAdzsZSqo
E799pQJv1Mk
OWN_J9FGZ5I
OdpM9Mp0Akc
OLZg3uE2-A4
BocUY7ALy7w
4EAmFGIf6Bg
kt70EFCFAGo
M6C6yWylLc8
idLVnagjl_s
iK273cJvPwc
x1gpukNIvlg
VMYjcjUdLPs
gz2DSEVaojk
4SilhsTuDU0
js-sWf2lBfc
eNRPjcjAsaI
BbKFi2u0yYQ
4EgRaySMjJQ
c4DbdubFuEk
RWc3Xyh_pp4
CEA_q7cKgMI
IRF43yEkFOM
4vMiWz7gt_0
y42GkyrTH64
SQg3kC22LfY
y3WFgR-jzmk
JG7Z7cQm4a8
e8DOBptHEpE
ytU2O3QtMjw
BuuVgZZM878
4OjImrdr1ZU
woqNEE20HhI
BAgStSY6mIo
vvE-91_cFPI
9SNt5luwwsU
hoq-DkykYdQ
nWxIAVQpv8E
QVgYAUdTIRI
Zfp2sj4Tzk0
my5DHbLwnLI
RsE-uLbCykQ
h6BNmvrPx2Y
lveuF34ho4M
G8pABGosD38
xI51qNqzZSU
16dhZkQvzc4
FXrymP-Xr1g
WcJVIHIt774
uBp-cC_5me0
OU2mkLmW5BQ
kPssHl1FXTY
Kj-RSMFFEZ0
rbRQGsEDwwM
WaAmpGDdTDM
mhZcVjNdwzE
kzWozTWdlLY
UTzdbkqmFI0
Wfw4es2hwrw
ATsKN7HVbUg
MezeLUxexP0
Ko9pZC8u5v8
lLIFe9-4060
kDqR0jLZ8Jk
AI1kS5hz5gM
yXi0NvLN2Is
qZ7QSckdUJc
jm3dpBaUULI
xREvnBpwpzQ
JbGlLbNYBy8
SMBo1ZlUOmY
Bbd_e5g5SKw
qUTNqWWIF0k
HQ8HIh4TiLs
Eg_SGvYgNp0
FAeSKakzkGk
siSeWKXTSeI
daZ2ffvJ5CY
Ch4uTD4FVlk
QQTlq72pqSA
MSIyd-HKDps
DQHOZC7ZiD8
Om7kIxFL7hs
hQpA12LhR-k
SFLcGnB0bA0
m0kXQPIjgbo
bCjt8o3migE
qE8_sstg78k
PT4sml5gXY4
dSHa4-xktlI
ANiYqjx9r3U
XSHyjoU5RDc
n7N1KAECOUA
dDwlYHRlmn0
bxnrry6ufRQ
Oak26yVbibQ
78wfVeTDbLg
1zt87XCWlWs
XUHXxmUJ7LI
Kh6TcYN-M18
JA7uN2ygPfk
GyiujGdjdq4
72f3ayGhMEA
hmLDe6H50tI
HZYperUFw_g
jmEu_f0ccCM
866j-XIZmjg
W6P9tti3bhg
ktFMDkRBXrg
fl-rc2-fb4Y
ek5aFRaRxxE
X-PXIjJRkss
-d7xDSENKu8
7nyl46ZM8zQ
AOA3QUQcLwI
4GlgdBAV1TM
j0RNzPU_yCg
TTt5jLO_X2c
cAgl_6a76fY
70YT_88_t7Q
rHtEdVjDuzU
KXIFTcHZzgU
gqLmxlTXU64
EpSMtJmZ28M
jZcVli4sde4
4p_Uihxhjys
1pzqaZN3doE
GivY6W4VBxY
j57BZrvKtog
eDDmstlwW24
umjqiH_MZKE
VXp_BlhSbjc
j0ffyhYQcM8
M1WwelWfWHQ
J4IkhD6Eark
z5toF7ZLPsY
K-WZrwe4SN0
7gxHJtyeZpA
J_fEQLEgvlY
12VWE7xQuQQ
qiTGW6N_gNM
ElPiRfIXXOg
VdGS6I09l_8
p58TcFAlD_Y
7P37xEKbLrQ
rV7ZH0b22Nk
Db-uq08ydI4
1QjBTvGmGVY
1An41lDIJ6Q
dd39herpgXA
I6EHQIQ_StU
ey9J7w98wlI
MDwhMMSFkJ8
-QrPW-i44_M
3CoutFs_vLM
5mg-xwG0d_Y
ByBF08H-wDA
JWO2zjcJqvQ
DAXcwa_HooQ
A4LXLOy7_ts
tnxru4re8N8
Nt5ECvb-CP0
wgUHStJkQuA
bTiep5Pb208
HSwFTK1ToaI
baRj0O4cqgI
s5_MyfIIjxc
uUkEmP1gmEU
MAY9P2PCu-c
7duhBOM-J78
CZ6rlxfdHBQ
SrpUSIPxgqk
Ikgf9nZKZgk
93V0rQ6L0iQ
UfGDEXV2F60
6HagQNmWqok
N-e4qGIbA7g
VSPau3HJ3SI
L4d4MGZaU5k
pI7eN_Mpy64
YxP2cUNkvSw
qFt8t9qZTm0
GazqCSHqxuw
d8HGtQYOD9Y
NzoFYJTLaOU
uPs041J9pnY
SyJ7b0LUVyA
YMUV3i7dl4U
l0_YOXuUv3o
PQ6lishRYH4
tzMY6--nlvs
iaiXZG4YJb8
sggxeMvgpS0
4gB2vlrO-SA
DP_qVxVD3uQ
KN7eBXl1jeE
tKW5RX1T_mU
1_tl2zBS0j4
JOpvhgy0i6o
MJelc0iYv5g
yLlMKzmlF28
DlGCaTuyvmk
ywLVTGfu-sM
AKwr1WaWumw
_XwMUpA5K30
miL-qUw3S9U
7WRsz_CAP5M
4itJOgIKbU4
ZuXCMpVR24I
v1NChOOfV8k
oOc_3cZjH1I
U-bZKKFcpww
Il1AuDk1nZw
tAiVUt5vE34
X_PbYjFCXjw
IVRIMGqqp2g
Bw0offlncsE
jKPvpVBECQ4
U_P3QhqG31s
dpcAENP603k
1P18VziL9Gk
3DMhSnlf3Oo
_s-CWZ3Jmg0
sufIFTMT-tU
_C3mZiyc3-s
2zS9cNCHzd4
3Wt0KCsx8jI
vT8tla1OKSo
wzWno2uh6fQ
4mAa-hXNV5Q
MisoxQQuHGg
wOSARSqqksk
Otks9WevdYg
BkYEfncGw40
_vtqcgD7nks
BgeTUU5SCJk
MOkShC6Mfdo
3DtKU35khmo
zpZrTzc9Yek
wllmx36M2uI
KpwPf42QGbI
X76mt1s2Vl4
J0Q4L68o3xE
ZqifpNC_oAs
QJ6S0dWkQjY
0B6A8rQiTlc
H9R0Hp81MOE
sZEvu8vgAy8
AteCs2zjmow
mKCVjnlgOEQ
Sdntwm_Q1Zo
GDUbLW9qClA
eWsbggozZS4
Blhh7qtgl-8
ZAQwr9aJoSg
ubDSY_1A8Ug
HFYwLMqm9oA
wX28jghQv7o
8ESEI0bqrJ4
o7JEBWV4CmY
EVCsSf-OrNI
7dLGdZOWYOE
cWY79qh7uMQ
7LeXXT-I19Q
uQvHKo9gtEs
1WfjmkXkwQw
hGbuGQgrp6I
hZBRLw6PokM
IsQ7LWDUY9o
edEidt8W3Yg
q0NXtY4N4Lo
SBBLe89At6k
oIP1s8E5mF0
cvHmTfMbM8U