4SvPjNlF01E
skKh5wyzlR0
J2PYwi8fy-M
k4F0U2pFpzM
WamDGlFeITE
PbboDe6LKpA
H3H2yM3se2U
bX95LotTxIc
d11OlJ8s8W0
NyoGIdJOatE
Xdi39XypbLM
WHMD6IWOKWA
z_y8cn6bSPE
8DfJ8Gab5ss
Ag-cpNluY5g
I-43DzvhxX8
Jwl6W9NO4a8
qk9xX1xPbr4
qXKK5EqQaEk
XRgAsjKnRKw
MYmMZxmSc1U
3LHzz9mOv-Q
S9w8HIDshPY
C1fK650VlbU
9MaPyH0Iq_s
yyweeKJgIcQ
3G-jjFJcmM4
MWMziwEXxvc
y87iv7y6uoQ
4hb9gnKnyCs
w_gwcBffGm0
wpZQAgeaXOo
znFV2xkFryI
HaCPhXb4C9o
6IXgAmerkTA
rAOU2gl4kY8
0vg5Cfclff0
Yyr_hgw7nWA
xRH8tSDeW5Y
GR60RiycSW8
l-Ve9Vwj3gw
Ho_9b4TZ4mY
uS_PZHidou4
ikkXVRhmXsg
KFBk21Mb8G4
tl2IIIQCdbQ
OQQi0DPZAwM
z_PJ6PXI-A4
YZR56hAPnbM
IHKStNPCy3M
CXLfvK0KXgQ
0suxwissusc
n0PvJiIn6kM
nMm2N4XwEKA
dKXcVq61y8Q
rN83eeGTRy4
-dByD-uiW-M
hnD5P_eDTWI
Gq4Y4gL3zSg
eVllqiMUH3U
tmO6N6TBXoE
RGzcsBqIbPk
nZJGt3ZVg3g
8JwsTjoA0UI
CCPB8aG41OI
I-J0BIO4hHE
JEbPgn3clPk
i-JgZ3dRxUM
7Pa33AYjvlI
N3TS8nu0wb0
yWnsKW7mQf8
5g8UsTKizbM
KvSsYaoSJGI
mUmneTwv8YU
ZVc4WU2xCXk
YdttoM3jJIY
mHC_numQNKc
q9i1neIo2pc
1orBujATQSc
zVFxyBgTLig
pN8V6Sj2v1E
SgMWGmIe3lE
RHhWHAZaCS0
BbPeMSr4DNU
YZ91u4s8VrA
m4KnpIUjHJ4
RtdZJtLAcSQ
UsYtt2zjq5Q
ytzNJ0UmaSQ
3G3atDjt6YI
vLXJpEux3ZQ
Uy5LTocHmoA
DkjlrTE5lD8
5grobANTyX8
dFq9wbrV-v0
E2jWVn7MgvA
ovjZ1-11x74
RtrL1aWkJg4
neef_gJdaYk
4krs7z2bjlE
r_uAkMkSsRo
Su_b25Y5NUs
ffsznHClegw
Bvu9m__ZX60
iHi64dMEsPc
KuCYGSYh5AE
4-VI6wHytIk
wm61oYLRlYE
f9YTQZE8Ve0
UpFZ2YaKeqM
Q2iVM-go4_g
iMHBCQYyxTY
Hz4VMAUswbQ
fNVoFSg4LDQ
AkrX8q82IAo
-8EUHRbTIg8
JDdn2qp-a_Y
bgS2S_kPUts
VorNgfwPrek
v5f-G9Uu5dE
FXAJcUvUI8k
3xPNuCtNx-s
U_E5xJaBgV4
IR4uPJm7X8A
CRqP3VFrars
ZoSJptgd6Eo
Y5RRrc9cs4E
bwP1NkqJnKU
RSYbTSTz91g
OB_YQZZvX-I
8vIsfkzDY0Q
v-Y1kmv3zeI
0mcohdpEMd0
pVBTPHjNunw
JQtBu7eNKew
uPRSAz0nPyY
yk3Sd21RHPE
R0heS5c1VIY
ZBXiIs_4H6M
cfQArtJ0PAM
prqDTwrZqyk
fBqz3SYDb2s
el7kwS4yzBw
k3hCZhswS1Y
vwwDwLVXTLI
WgqL4W1sM-4
mCev-M_-3tU
MFVmxoXgeNQ
Pyk2cjuEDGc
3X758yC-ouE
5d9XEfAM0yE
5M8qir0gNIA
i-OFj3B0Yms
awOK5ayCJao
wTUuzWCHAk0
aFf3lDOAp6Y
O51dYZERhkE
itrGvpJBJHU
CdZ68Xzz9CU
Ci2Xmro56Lw
aVu_bZFLtCc
1LM84FSzW0g
n9JX1gUnJg4
ANDEUDt7FLw
_NHK8xO__BQ
3n0JIuX9fZA
Ra9FqlaaeK8
bGnivk-jepU
VtmAz4in8Wo
CW9NulhMq_Y
VIxEHF1_SJM
iWpuOrmm2Zo
TaZui8Qckm4
-3OY-UFP2O4
I2V_12oQuQo
f6T9m9eKMpg
dBM3eM9HOoA
9rfuCjVU1jk
50jWYPiXyz4
WJ1djRwaX18
AU3Z8jz5ZBg
y-wMxQ9X3uw
vjSKxFfjg8c
ZVWcmGnfCtk
OEapffs2lq0
SU-WjRF-_aU
V2ZynThdr90
JfwwWCUzes4
1T25AgTIF9w
DdQzV2kKzf4
vjm4_QuByQY
iGuCpdwkMvM
g4fQ5iOVzsI
RrGhiInqXhc
LSeJeKHsUkw
SG2VLfHU-BQ
ynZjPq4lc0w
jtVAPRq3wgk
1j99sWYkBCQ
7Q0_uzArNaU
tAyThCWKc50
THx57-W33NU
LThm7VYvwxY
aGjZtESesOI
IRG9Z7Y2uS4
WPXNB-P4erk
eM0ggaX5hUo
6hn-iB87Mvk
pQ2q6tQyHXc
74ZiZ1iGG4k
u7nXXtYaRro
uqcOZw0cSe8
22kR2g5KWYA
SZYXQ-6bfiQ
GiGoLFs4q7U
ht6-XcZV1IU
p0HamWCVrFI
qRBDAwgpLs0
56auoHZucuk
0WJzAxVDi_8
rXRLQSiFk2s
WZk76BqQsyI
dMYhXvXvQNI
Z1iDA--IZM4
1IGLtJjDliI
KayHKHkYMro
uayp7VRoL3Y
dpfkpZzZvqw
Nxe80smr9xM
2w2OJqy1igY
QaL8YLg_JGI
SJIbpqgYWGw
y1siIqv58Yw
uuuONKRUn_c
m492YyGMNyQ
NlVipwFzI7I
vzjSs4eNdjg
KYqp3UjczeA
MMbKWxiDTxQ
rrFwyHP3n28
jnopGSHnOXc
2HilMYC02eE
DWphTwyz7-Q
ch1UGNF-8qA
O3NLaKxgOIg
aNMEY_wK_O4
Fps2ato1-p4
HnUVz0J2CoE
69Aw5PC1h4Y
DhC780htXOc
Xn3cKBWeMqY
UQ2K1W-izdM
NzfE5EllJcY
Utz08swAf88
GPmKQ0wVGfk
JptTJ2Ow5GE
HwZ1kOGiCZU
RI3_GG8QA8U
knOkKqZm6I4
mkaBzkslLdU
bKV1IS-ATmQ
fJfHio68IrU
f7UJ9FwlX-8
GcKeKmHi--A
OGn20SNUUmU
xke70IUuoLE
oxNOKsLrGC0
Ayh2JIEMPcM
0cfJOmUaNNI
hLl1uHlPYKs
zKlAFc39qFs
6JTKEOAWLyQ
po5rZ0EzSeE
E2h4a4pLC4A
5K3JaGCrDtg
7HT7AS3UmFI
luMEfbJInw0
e6ZSBe_Zrjg
CHOelflV6A8
0_FbaigWRaM
sb37cgYc8zY
DjYIyLX-aSk
m9AcUM0ZaL4
nwEQ3oqmwgA
pedNfNtzaVw
fWcDkbETJTU
csW7DQdft-E
cIxqEIJuFok
S2LPdiqOVEk
Ngj6C_RMK1g
SlswEPy8cjk
7CayA9TOa7M
Bd3abG_YQJY
tnLSwSjQY_E
eGGFGota5_A
PCcgw10fEh8
QzdtNdF9yVc
dw8FWzSxl7o
ZVlVcEIo3Ws
aca25zxviIs
MlDnShLtcks
4LkMYkTJ8jw
gc-CRmiDRHU
rstIX0rRXpo
KVAFzxDuEPE
m3Z74OVczNU
DvbR51WJFHA
rOWx_uYCDZE
ObgKGPWQQNY
03UPyfDYf4g
vf2Nd2kYEc0
M9eBQZhHD8k
na769RtwO4s
uR3wtc8oknM
1cr_tcBus14
voMBpyHf9QE
oDxPIPa0wV8
1CH-d4ER61U
2wthcGQyEf4
hR1mNJ11ycU
oZhDU-SjXzg
JDAnDzXAVDs
WgHYCnMtl44
6NXhraaPkg0
WuSNT1be-n0
MZ7dKdTHbqY
bQum-XeMp4A
ml7_yeHfbP4
WQowtvJjCeE
fM1uAG3MdnU
CGB2ZoVDiQk
d7xwsSxV8Os
iWOdtR4clKE
t0QriZ5kJH0
tBNjQPmE1TQ
kZB3KMhqqyI
pA6YEgT1dLY
BWkDK1hhoz0
Fn__BrVR86E
xw-wlpy8IF8
lExGTaNEzoM
6VPtrPlRWE4
gy4TI-6j5po
ZJXd67Np16M
P1hnjRkXrLc
SlFajAz3Cx4
E1fkU0g4wk0
-fZl02cVTBg
xyccHcWoS74
rZAQ29_JfaQ
b93KCVhNzkI
Dq8BO3ugeGE
89eg3nExUI4
f4WN5Q9x5JU
U6zmphY-iHw
H9dyr9OXNaM
nxzrPf0IsUU
KbUrk86xsxw
5OLOsYRhNEM
bO43msZTfwA
iIjjoz1ejaw
SeLJChGJ7iM
gzUVlpffsbE
gw5iqwdgWdM
dQaNzwqCUAA
NPIXL3aas-8
gTB1nfK-0Ac
7H4TcuThyX8
OwjOpt2FCFw
sgqUP6Lp2Jc
DOxDUF41lrY
0TkrHIY0Qpk
jMMcnEHtpDs
l2bSP81yuEU
Am2ihQfZLm8
_hv80O8orKE
rNyriLZzAqY
ofrIqZrMBCg
d39VDe5SiYU
6QUCaLvQ_3I
ZW0jObNmBWo
x95SOBfrIzg
lx5W2LJ5zS0
x_Kj2uV8YmI
2A1vnPbgFPo
yb6RsyU42pc
Y-2vFjG-JyI
2YTzoWLAzA4
rIR9Ereztp8
2VlBZuzLrnU
5G7dCiq1owE
yrhUflv7MSc
AOoAXwJ-DG0
JqGA3ldiXNo
9L5G0a0GfDw
U6HbUoVdsNQ
PPxqM7oR1Kk
JJ-r49OXaPU
IFvXPXgSKjE
_ONsnpRx4hE
KowG8Iur63M
us4krTa13QY
8feS1rNYEbg
4pdZ5OpMAjQ
7nafZL0NXlA
axt4QlZiiP8
punYlPHdGiw
H0Bk-XECT4o
siGqdp4Wpak
idZ4FhejY4E
5OcAVscXQJE
ONwWgyOc7Ok
WhB7Id09JuQ
EZWtzaTHtXk
KGpAJAwRqgA
WzPJ1MNJBDM
HBEKcPJPTIM
VSPy1d2AIPs
GcZn8iDNyn4
MzcdEI-tSUc
KkPkXrbjf4g
30vx8_N9Pmc
KOxPkbOUzV0
719-xjyMtPk
giTHpww2FHo
81YGLW_Z8Ms
XY_LTZ5MxwM
nYqE3jFp-YM
SF4AJHX4BFo
sDtG_YA7OIs
0febG_1e-fY
e4q1j1a44Zs
fwe03itaoeM
X3VMZgOA9RQ
P1d1jf7dQ9o
yUTObNo1c_o
HyrylinoxqI
12LtBnEBhNA
P9iH8NvaUXw
IQ7y1GrbrXc
NJzzEEG6FZc
VBgNSpGUJDM
RQp1HbiEiSI
QTFZSp-_o1w
-SbZ4_ir148
jeE8Vr9dEVg
UdFAoK7E0io
TsXogrnKQIU
NjKxKIaS23Q
4LlfpNyZ0z4
MlZxhAy17_c
LOnuIU35C-w
NL9NRyKo5KA
GYDzBrihZ4g
IQAgJ_farVk
J0dADXOu560
6uYRW0FgZpo
JBrp8aG4lro
PugDAc7Uc0U
SdGCX2H-_Uk
i1OVkXE-scU
SPyK1Gt_Swg
x1lHPvz4s6Y
604yJY6pHgs
X2-c8c553_Y
ldxaKDWb_Kw
K5wRFDk2H7o
KZEZPlrFMSg
19s6r7e1FuE
MMJEW0bWdVE
PuekW6d_0yE
ZYlHNBlE6QI
g1ruGyRj2BU
TCUsegqBZ_M
W5CdMA0vUps
Nu3Aub9ifes
hbJ8jURg1ws
dQYRpIGXvYk
gnXzPlRdQBg
HUIwQlw5_XA
ATV2p-qxV7o
Cc2ZRk2aLFw
gkh4yW3WVn0
1GR15BdheLM
tGUkOReZW9s
t7v_EpuwK7c
LBUr14xs9k4
Vwf07uS-Gfc
yePCPlu8w6E
lSjtXJf6Blg
S_PtnU8gEDs
ZOqHvzhhb_8
jLcOO3V1afI
XzoOMQCQanU
4QDHvxUkzxE
30M7rreJ2zM
MNMDORuh5A4
iuDjDtPjpVc
qoyZ_AEnmVs
B83aBccMDEQ
Oh0yA3yHrDQ
hLY_QGrxekI
vHnQrPRWaPw
vCb0SmnIl-I
JVKiuDDzKLw
_CmRj4bNFgk
OfMFVMG3LXA
4BZX_h5Dohk
j9WvTZ9ysUc
6nHewn2LrV0
UgsOaTBIjMo
6t50Md7CICM
eihJpcAQVAE
xCLfMWy70ME
HxHIYhThBFQ
vIcJjsK-gco
-PDrGXHLpKM
5g6NIa-ZTxg
QjRxtDXGyV8
M0b_7poS6Jo
U2LL2RXleiM
E8WpGZxPlFE
nR3j_Mx-0n4
ERrPTlyetO4
oU59dAultNg
_FQFVGi5OPc
1po3ma5YHFs
e13IklbYpp0
S4hzEknI1WA
bNwlRzDBYiw
gkvcRyAmW1M
jb5YxiXIsjU
w4zg6R0vlYY
fFrtCjkSvHI
OZOaN_5ymrc
qRj6ap0ZjGA
0rEhVAOO7EQ
0wKRdpFd8Wo
wBck0kmwO6o
eDW3hUdHG00
jLrVY7LV3Lc
QGWcgAN4nJo
4rcoX9lon34
Q3dST2li9Wg
_8_Hs2lWo5o
DwF_sNb2tsE
Up3N5pL04ho
XKuiBH9PQfY
-sbx3uVDRTY
700Gkaf1ZXA
sdpp7DWKenQ
H1QOF1WieSk
SrcDwd65pXc
nDu57CGqbLM
SHHkElE3TTY
tbAM0g42hSQ
f04oxPdEjOw
cZrtEdOIONA
CzU3_kSlKAs
IDRG2CJIAbM
anedUN60dVQ
OMLgliKYqaI
1D7rcZ0vwVc
ydzUwFQr53o
XpQew1uhpbE
ya1HvPbneJ8
XQ5trbTO93Q
yJEnS5eHckw
huHKiryg5UU
yDrmzsBFJCo
R_WkH_uOq1Y
5haruMX5-PQ
_kg76aCZxoU
0Zgz2TVXJos
4fxKBGthpaw
9X2wM6HD_og
7aY4qUF0DIo
P4KyjvsceZQ
0HUUucT-47Y
pjy-lzuZy5I
MjehJ4T_LKI
Hl6R75H0LRE
359qEKqEMxw
mBPqc35yH7I
A551Ax3BGcw
97pAdzsZSqo
E799pQJv1Mk
OWN_J9FGZ5I
OdpM9Mp0Akc
OLZg3uE2-A4
BocUY7ALy7w
4EAmFGIf6Bg
kt70EFCFAGo
M6C6yWylLc8
idLVnagjl_s
iK273cJvPwc
x1gpukNIvlg
VMYjcjUdLPs
gz2DSEVaojk
4SilhsTuDU0
js-sWf2lBfc
eNRPjcjAsaI
BbKFi2u0yYQ
4EgRaySMjJQ
c4DbdubFuEk
RWc3Xyh_pp4
CEA_q7cKgMI
IRF43yEkFOM
4vMiWz7gt_0
y42GkyrTH64
SQg3kC22LfY
y3WFgR-jzmk
JG7Z7cQm4a8
e8DOBptHEpE
ytU2O3QtMjw
BuuVgZZM878
4OjImrdr1ZU
woqNEE20HhI
BAgStSY6mIo
vvE-91_cFPI
9SNt5luwwsU
hoq-DkykYdQ
nWxIAVQpv8E
QVgYAUdTIRI
Zfp2sj4Tzk0
my5DHbLwnLI
RsE-uLbCykQ
h6BNmvrPx2Y
lveuF34ho4M
G8pABGosD38
xI51qNqzZSU
16dhZkQvzc4
FXrymP-Xr1g
WcJVIHIt774
uBp-cC_5me0
OU2mkLmW5BQ
kPssHl1FXTY
Kj-RSMFFEZ0
rbRQGsEDwwM
WaAmpGDdTDM
mhZcVjNdwzE
kzWozTWdlLY
UTzdbkqmFI0
Wfw4es2hwrw
ATsKN7HVbUg
MezeLUxexP0
Ko9pZC8u5v8
lLIFe9-4060
kDqR0jLZ8Jk
AI1kS5hz5gM
yXi0NvLN2Is
qZ7QSckdUJc
jm3dpBaUULI
xREvnBpwpzQ
JbGlLbNYBy8
SMBo1ZlUOmY
Bbd_e5g5SKw
qUTNqWWIF0k
HQ8HIh4TiLs
Eg_SGvYgNp0
FAeSKakzkGk
siSeWKXTSeI
daZ2ffvJ5CY
Ch4uTD4FVlk
QQTlq72pqSA
MSIyd-HKDps
DQHOZC7ZiD8
Om7kIxFL7hs
hQpA12LhR-k
SFLcGnB0bA0
m0kXQPIjgbo
bCjt8o3migE
qE8_sstg78k
PT4sml5gXY4
dSHa4-xktlI
ANiYqjx9r3U
XSHyjoU5RDc
n7N1KAECOUA
dDwlYHRlmn0
bxnrry6ufRQ
Oak26yVbibQ
78wfVeTDbLg
1zt87XCWlWs
XUHXxmUJ7LI
Kh6TcYN-M18
JA7uN2ygPfk
GyiujGdjdq4
72f3ayGhMEA
hmLDe6H50tI
HZYperUFw_g
jmEu_f0ccCM
866j-XIZmjg
W6P9tti3bhg
ktFMDkRBXrg
fl-rc2-fb4Y
ek5aFRaRxxE
X-PXIjJRkss
-d7xDSENKu8
7nyl46ZM8zQ
AOA3QUQcLwI
4GlgdBAV1TM
j0RNzPU_yCg
TTt5jLO_X2c
cAgl_6a76fY
70YT_88_t7Q
rHtEdVjDuzU
KXIFTcHZzgU
gqLmxlTXU64
EpSMtJmZ28M
jZcVli4sde4
4p_Uihxhjys
1pzqaZN3doE
GivY6W4VBxY
j57BZrvKtog
eDDmstlwW24
umjqiH_MZKE
VXp_BlhSbjc
j0ffyhYQcM8
M1WwelWfWHQ
J4IkhD6Eark
z5toF7ZLPsY
K-WZrwe4SN0
7gxHJtyeZpA
J_fEQLEgvlY
12VWE7xQuQQ
qiTGW6N_gNM
ElPiRfIXXOg
VdGS6I09l_8
p58TcFAlD_Y
7P37xEKbLrQ
rV7ZH0b22Nk
Db-uq08ydI4
1QjBTvGmGVY
1An41lDIJ6Q
dd39herpgXA
I6EHQIQ_StU
ey9J7w98wlI
MDwhMMSFkJ8
-QrPW-i44_M
3CoutFs_vLM
5mg-xwG0d_Y
ByBF08H-wDA
JWO2zjcJqvQ
DAXcwa_HooQ
A4LXLOy7_ts
tnxru4re8N8
Nt5ECvb-CP0
wgUHStJkQuA
bTiep5Pb208
HSwFTK1ToaI
baRj0O4cqgI
s5_MyfIIjxc
uUkEmP1gmEU
MAY9P2PCu-c
7duhBOM-J78
CZ6rlxfdHBQ
SrpUSIPxgqk
Ikgf9nZKZgk
93V0rQ6L0iQ
UfGDEXV2F60
6HagQNmWqok
N-e4qGIbA7g
VSPau3HJ3SI
L4d4MGZaU5k
pI7eN_Mpy64
YxP2cUNkvSw
qFt8t9qZTm0
GazqCSHqxuw
d8HGtQYOD9Y
NzoFYJTLaOU
uPs041J9pnY
SyJ7b0LUVyA
YMUV3i7dl4U
l0_YOXuUv3o
PQ6lishRYH4
tzMY6--nlvs
iaiXZG4YJb8
sggxeMvgpS0
4gB2vlrO-SA
DP_qVxVD3uQ
KN7eBXl1jeE
tKW5RX1T_mU
1_tl2zBS0j4
JOpvhgy0i6o
MJelc0iYv5g
yLlMKzmlF28
DlGCaTuyvmk
ywLVTGfu-sM
AKwr1WaWumw
_XwMUpA5K30
miL-qUw3S9U
7WRsz_CAP5M
4itJOgIKbU4
ZuXCMpVR24I
v1NChOOfV8k
oOc_3cZjH1I
U-bZKKFcpww
Il1AuDk1nZw
tAiVUt5vE34
X_PbYjFCXjw
IVRIMGqqp2g
Bw0offlncsE
jKPvpVBECQ4
U_P3QhqG31s
dpcAENP603k
1P18VziL9Gk
3DMhSnlf3Oo
_s-CWZ3Jmg0
sufIFTMT-tU
_C3mZiyc3-s
2zS9cNCHzd4
3Wt0KCsx8jI
vT8tla1OKSo
wzWno2uh6fQ
4mAa-hXNV5Q
MisoxQQuHGg
wOSARSqqksk
Otks9WevdYg
BkYEfncGw40
_vtqcgD7nks
BgeTUU5SCJk
MOkShC6Mfdo
3DtKU35khmo
zpZrTzc9Yek
wllmx36M2uI
KpwPf42QGbI
X76mt1s2Vl4
J0Q4L68o3xE
ZqifpNC_oAs
QJ6S0dWkQjY
0B6A8rQiTlc
H9R0Hp81MOE
sZEvu8vgAy8
AteCs2zjmow
mKCVjnlgOEQ
Sdntwm_Q1Zo
GDUbLW9qClA
eWsbggozZS4
Blhh7qtgl-8
ZAQwr9aJoSg
ubDSY_1A8Ug
HFYwLMqm9oA
wX28jghQv7o
8ESEI0bqrJ4
o7JEBWV4CmY
EVCsSf-OrNI
7dLGdZOWYOE
cWY79qh7uMQ
7LeXXT-I19Q
uQvHKo9gtEs
1WfjmkXkwQw
hGbuGQgrp6I
hZBRLw6PokM
IsQ7LWDUY9o
edEidt8W3Yg
q0NXtY4N4Lo
SBBLe89At6k
oIP1s8E5mF0
cvHmTfMbM8U