4H0sn7S7y4A
MWMziwEXxvc
miL-qUw3S9U
LKWosiUUORs
oZhDU-SjXzg
BAgStSY6mIo
cIxqEIJuFok
Jx8aWIt5oGM
rZAQ29_JfaQ
tVSATje07as
qrMkehSkblk
eWsbggozZS4
9rfuCjVU1jk
KkPkXrbjf4g
fJfHio68IrU
5REgF4xuAmY
LrRh2IJUoZg
bO43msZTfwA
ERrPTlyetO4
y-wMxQ9X3uw
KuCYGSYh5AE
gw5iqwdgWdM
i3tnNk_jnAw
5haruMX5-PQ
c_XLrDQeSKI
4pdZ5OpMAjQ
q65zGO7s3rM
1wlq-A6rDqQ
aKRMhMOHs8I
5M8qir0gNIA
hZBRLw6PokM
bgS2S_kPUts
OMLgliKYqaI
yWnsKW7mQf8
HxHIYhThBFQ
5jNAMtcSLhQ
k4F0U2pFpzM
03UPyfDYf4g
gkh4yW3WVn0
W0tEjOPwFjM
ZAQwr9aJoSg
oIP1s8E5mF0
1po3ma5YHFs
H3H2yM3se2U
M1WwelWfWHQ
6QUCaLvQ_3I
VIxEHF1_SJM
gkvcRyAmW1M
IRF43yEkFOM
CYiKu-303ho
H9R0Hp81MOE
Y552m_F8Xbg
v7NQ-MI0G7Q
_XwMUpA5K30
h6BNmvrPx2Y
dpcAENP603k
6JTKEOAWLyQ
ZYlHNBlE6QI
rAOU2gl4kY8
vyQzp8V9Q50
rV7ZH0b22Nk
_65lEmHZ3hQ
edEidt8W3Yg
xjgPW877Ho8
PuekW6d_0yE
WQvHH-u9W5w
4EgRaySMjJQ
KayHKHkYMro
JJ-r49OXaPU
AOOeEwKy5KE
e13IklbYpp0
z_RHMC7qAJM
X2-c8c553_Y
sufIFTMT-tU
fFrtCjkSvHI
19s6r7e1FuE
7H4TcuThyX8
Oh0yA3yHrDQ
_8_Hs2lWo5o
pQ2q6tQyHXc
SJIbpqgYWGw
CzU3_kSlKAs
JjOCViuhKwo
WJ1djRwaX18
HBEKcPJPTIM
HUIwQlw5_XA
LDBWBUVZsCI
dw8FWzSxl7o
Xdi39XypbLM
GyiujGdjdq4
YxP2cUNkvSw
WZk76BqQsyI
vUtEW6OTQLw
vjm4_QuByQY
v-Y1kmv3zeI
SyJ7b0LUVyA
UTgWLbuCWDo
J_fEQLEgvlY
NPIXL3aas-8
-fZl02cVTBg
wm61oYLRlYE
tmO6N6TBXoE
l2bSP81yuEU
AOoAXwJ-DG0
gkcVbhfvnGI
Il1AuDk1nZw
eDDmstlwW24
KXIFTcHZzgU
687gkvLi5kI
oxNOKsLrGC0
DowG7clEJuA
kDqR0jLZ8Jk
x1lHPvz4s6Y
prqDTwrZqyk
ueQGC4JmvxQ
KZEZPlrFMSg
uPs041J9pnY
4-VI6wHytIk
9L5G0a0GfDw
iHi64dMEsPc
VBgNSpGUJDM
ObgKGPWQQNY
hLl1uHlPYKs
pjy-lzuZy5I
XUHXxmUJ7LI
Fps2ato1-p4
3G3atDjt6YI
v1NChOOfV8k
bQum-XeMp4A
iWpuOrmm2Zo
bwP1NkqJnKU
yePCPlu8w6E
93V0rQ6L0iQ
mkaBzkslLdU
wTUuzWCHAk0
h5eb7vQhRhI
BWkDK1hhoz0
mn3ZaG_i6y8
9SNt5luwwsU
MDwhMMSFkJ8
jMMcnEHtpDs
5K3JaGCrDtg
B83aBccMDEQ
PgR_YjhMNno
qRj6ap0ZjGA
yJEnS5eHckw
jXZr8aoD3vA
MezeLUxexP0
0Zgz2TVXJos
fFsL5Q3hbwU
4krs7z2bjlE
5OLOsYRhNEM
jmEu_f0ccCM
l0qDAG7jGfg
YB43_nwD9bE
baRj0O4cqgI
69Aw5PC1h4Y
I4Imhb_UqgI
WhB7Id09JuQ
XKuiBH9PQfY
4hb9gnKnyCs
QaL8YLg_JGI
SlFajAz3Cx4
E2h4a4pLC4A
TCUsegqBZ_M
uUkEmP1gmEU
QzdtNdF9yVc
zKlAFc39qFs
ZZJ0IEI8N80
su06lbP1A2U
QQTlq72pqSA
vT8tla1OKSo
voMBpyHf9QE
_NHK8xO__BQ
_C3mZiyc3-s
7nafZL0NXlA
rN83eeGTRy4
56auoHZucuk
yb6RsyU42pc
wllmx36M2uI
52NNTlLpNMM
ytU2O3QtMjw
-3GumCmyAIk
pHb0IPApb5s
nWxIAVQpv8E
q0NXtY4N4Lo
H0Bk-XECT4o
DvbR51WJFHA
3ja2teDnx_I
IHKStNPCy3M
W5CdMA0vUps
4fxKBGthpaw
3n0JIuX9fZA
tKW5RX1T_mU
p2HQGFwtLeI
wmViONWyGSA
Fn__BrVR86E
z5toF7ZLPsY
-d7xDSENKu8
OZOaN_5ymrc
OfMFVMG3LXA
uqcOZw0cSe8
uPRSAz0nPyY
Oak26yVbibQ
S_PtnU8gEDs
f04oxPdEjOw
I13wYBLY0Ko
6BJorrGulVs
HUZTBwuu7eY
M6C6yWylLc8
ofrIqZrMBCg
S-B2wwTKE8I
dBM3eM9HOoA
YpoXMebAYgE
JVKiuDDzKLw
luMEfbJInw0
XSHyjoU5RDc
yCgqt_wo0B4
1j99sWYkBCQ
y42GkyrTH64
X_PbYjFCXjw
7gxHJtyeZpA
-tOdJzOzkHA
Bd3abG_YQJY
K-WZrwe4SN0
LSeJeKHsUkw
EFNxuXvqQYA
f6njWBlFK3I
Y5RRrc9cs4E
5OcAVscXQJE
lveuF34ho4M
CRIg8Dqu804
7muYPid24Ps
ffsznHClegw
8ESEI0bqrJ4
uayp7VRoL3Y
TWsixmdzsnI
tbAM0g42hSQ
fl-rc2-fb4Y
dKXcVq61y8Q
RsE-uLbCykQ
gTB1nfK-0Ac
RYiTVMb_UHg
iGuCpdwkMvM
V3zp7XOGBhs
81YGLW_Z8Ms
8feS1rNYEbg
X-PXIjJRkss
ElPiRfIXXOg
WbU3_lRa4s8
jL39PuZmfPk
HaCPhXb4C9o
eBlLt8MOHXM
mKCVjnlgOEQ
jjFB8jUvEno
SnRBZqRQfW8
punYlPHdGiw
WMZAENL9oFw
z3XCx5uyVOI
wgux5WTgDV8
J3n8j07skhM
Ra9FqlaaeK8
bX95LotTxIc
1GR15BdheLM
NzfE5EllJcY
rIR9Ereztp8
KbUrk86xsxw
a_C-Wa4gNHA
lLIFe9-4060
mCev-M_-3tU
e4q1j1a44Zs
4LlfpNyZ0z4
PbboDe6LKpA
OGn20SNUUmU
wX28jghQv7o
fBqz3SYDb2s
HlFrYtllnkU
yyweeKJgIcQ
IuN5joAWuqk
xRH8tSDeW5Y
_vtqcgD7nks
x1gpukNIvlg
y3WFgR-jzmk
dFq9wbrV-v0
CGB2ZoVDiQk
DhC780htXOc
NJzzEEG6FZc
Xn3cKBWeMqY
rLDPDjx0Ll8
JptTJ2Ow5GE
c4DbdubFuEk
LBUr14xs9k4
kPssHl1FXTY
AteCs2zjmow
_kg76aCZxoU
Di3FaSDxSRA
WQowtvJjCeE
MhEi91b6ako